<?xml version="1.0" encoding="UTF-8"?>
<testng-results skipped="0" failed="0" ignored="0" total="1" passed="1">
  <reporter-output>
  </reporter-output>
  <suite name="Default suite" duration-ms="15410" started-at="2023-07-13T17:33:28 IST" finished-at="2023-07-13T17:33:44 IST">
    <groups>
    </groups>
    <test name="Default test" duration-ms="15410" started-at="2023-07-13T17:33:28 IST" finished-at="2023-07-13T17:33:44 IST">
      <class name="UIANDRESTASSURED.caliberProject">
        <test-method status="PASS" signature="setUpBrowser(java.lang.String)[pri:0, instance:UIANDRESTASSURED.caliberProject@3578436e]" name="setUpBrowser" is-config="true" duration-ms="2880" started-at="2023-07-13T17:33:28 IST" finished-at="2023-07-13T17:33:31 IST">
          <params>
            <param index="0">
              <value>
                <![CDATA[chrome]]>
              </value>
            </param>
          </params>
          <reporter-output>
          </reporter-output>
        </test-method> <!-- setUpBrowser -->
        <test-method status="PASS" signature="createProject()[pri:1, instance:UIANDRESTASSURED.caliberProject@3578436e]" name="createProject" duration-ms="11843" started-at="2023-07-13T17:33:31 IST" finished-at="2023-07-13T17:33:43 IST">
          <reporter-output>
          </reporter-output>
        </test-method> <!-- createProject -->
        <test-method status="PASS" signature="teardown()[pri:0, instance:UIANDRESTASSURED.caliberProject@3578436e]" name="teardown" is-config="true" duration-ms="661" started-at="2023-07-13T17:33:43 IST" finished-at="2023-07-13T17:33:44 IST">
          <reporter-output>
          </reporter-output>
        </test-method> <!-- teardown -->
      </class> <!-- UIANDRESTASSURED.caliberProject -->
    </test> <!-- Default test -->
  </suite> <!-- Default suite -->
</testng-results>
